<?xml version="1.0" encoding="UTF-8" ?>
<testsuite errors="0" failures="5" hostname="Marcos-Armando.local" name="prode.EquipoControllerTests" tests="8" time="0.649" timestamp="2013-07-29T23:40:24">
  <properties />
  <testcase classname="prode.EquipoControllerTests" name="testIndex" time="0.2" />
  <testcase classname="prode.EquipoControllerTests" name="testList" time="0.053" />
  <testcase classname="prode.EquipoControllerTests" name="testCreate" time="0.041" />
  <testcase classname="prode.EquipoControllerTests" name="testSave" time="0.057">
    <failure message="Assertion failed: &#xa;&#xa;assert response.redirectedUrl == &apos;/equipo/show/1&apos;&#xa;       |        |             |&#xa;       |        null          false&#xa;       org.codehaus.groovy.grails.plugins.testing.GrailsMockHttpServletResponse@5c9b027d&#xa;" type="junit.framework.AssertionFailedError">junit.framework.AssertionFailedError: Assertion failed: 

assert response.redirectedUrl == &apos;/equipo/show/1&apos;
       |        |             |
       |        null          false
       org.codehaus.groovy.grails.plugins.testing.GrailsMockHttpServletResponse@5c9b027d

	at prode.EquipoControllerTests.testSave(EquipoControllerTests.groovy:48)
</failure>
  </testcase>
  <testcase classname="prode.EquipoControllerTests" name="testShow" time="0.059">
    <failure message="Assertion failed: &#xa;&#xa;assert equipo.save() != null&#xa;       |      |      |&#xa;       |      null   false&#xa;       prode.Equipo@36ba117b (toString() == null)&#xa;" type="junit.framework.AssertionFailedError">junit.framework.AssertionFailedError: Assertion failed: 

assert equipo.save() != null
       |      |      |
       |      null   false
       prode.Equipo@36ba117b (toString() == null)

	at prode.EquipoControllerTests.testShow(EquipoControllerTests.groovy:62)
</failure>
  </testcase>
  <testcase classname="prode.EquipoControllerTests" name="testEdit" time="0.051">
    <failure message="Assertion failed: &#xa;&#xa;assert equipo.save() != null&#xa;       |      |      |&#xa;       |      null   false&#xa;       prode.Equipo@2e6ee035 (toString() == null)&#xa;" type="junit.framework.AssertionFailedError">junit.framework.AssertionFailedError: Assertion failed: 

assert equipo.save() != null
       |      |      |
       |      null   false
       prode.Equipo@2e6ee035 (toString() == null)

	at prode.EquipoControllerTests.testEdit(EquipoControllerTests.groovy:80)
</failure>
  </testcase>
  <testcase classname="prode.EquipoControllerTests" name="testUpdate" time="0.068">
    <failure message="Assertion failed: &#xa;&#xa;assert equipo.save() != null&#xa;       |      |      |&#xa;       |      null   false&#xa;       prode.Equipo@68a48d59 (toString() == null)&#xa;" type="junit.framework.AssertionFailedError">junit.framework.AssertionFailedError: Assertion failed: 

assert equipo.save() != null
       |      |      |
       |      null   false
       prode.Equipo@68a48d59 (toString() == null)

	at prode.EquipoControllerTests.testUpdate(EquipoControllerTests.groovy:100)
</failure>
  </testcase>
  <testcase classname="prode.EquipoControllerTests" name="testDelete" time="0.047">
    <failure message="Assertion failed: &#xa;&#xa;assert equipo.save() != null&#xa;       |      |      |&#xa;       |      null   false&#xa;       prode.Equipo@6d994bd3 (toString() == null)&#xa;" type="junit.framework.AssertionFailedError">junit.framework.AssertionFailedError: Assertion failed: 

assert equipo.save() != null
       |      |      |
       |      null   false
       prode.Equipo@6d994bd3 (toString() == null)

	at prode.EquipoControllerTests.testDelete(EquipoControllerTests.groovy:144)
</failure>
  </testcase>
  <system-out><![CDATA[--Output from testIndex--
--Output from testList--
--Output from testCreate--
--Output from testSave--
--Output from testShow--
--Output from testEdit--
--Output from testUpdate--
--Output from testDelete--
]]></system-out>
  <system-err><![CDATA[--Output from testIndex--
--Output from testList--
--Output from testCreate--
--Output from testSave--
--Output from testShow--
--Output from testEdit--
--Output from testUpdate--
--Output from testDelete--
]]></system-err>
</testsuite>
