Testsuite: prode.EquipoControllerTests
Tests run: 8, Failures: 5, Errors: 0, Time elapsed: 0,649 sec
------------- Standard Output ---------------
--Output from testIndex--
--Output from testList--
--Output from testCreate--
--Output from testSave--
--Output from testShow--
--Output from testEdit--
--Output from testUpdate--
--Output from testDelete--
------------- ---------------- ---------------
------------- Standard Error -----------------
--Output from testIndex--
--Output from testList--
--Output from testCreate--
--Output from testSave--
--Output from testShow--
--Output from testEdit--
--Output from testUpdate--
--Output from testDelete--
------------- ---------------- ---------------

Testcase: testIndex took 0,2 sec
Testcase: testList took 0,053 sec
Testcase: testCreate took 0,041 sec
Testcase: testSave took 0,057 sec
	FAILED
Assertion failed: 

assert response.redirectedUrl == '/equipo/show/1'
       |        |             |
       |        null          false
       org.codehaus.groovy.grails.plugins.testing.GrailsMockHttpServletResponse@5c9b027d

junit.framework.AssertionFailedError: Assertion failed: 

assert response.redirectedUrl == '/equipo/show/1'
       |        |             |
       |        null          false
       org.codehaus.groovy.grails.plugins.testing.GrailsMockHttpServletResponse@5c9b027d

	at prode.EquipoControllerTests.testSave(EquipoControllerTests.groovy:48)

Testcase: testShow took 0,059 sec
	FAILED
Assertion failed: 

assert equipo.save() != null
       |      |      |
       |      null   false
       prode.Equipo@36ba117b (toString() == null)

junit.framework.AssertionFailedError: Assertion failed: 

assert equipo.save() != null
       |      |      |
       |      null   false
       prode.Equipo@36ba117b (toString() == null)

	at prode.EquipoControllerTests.testShow(EquipoControllerTests.groovy:62)

Testcase: testEdit took 0,051 sec
	FAILED
Assertion failed: 

assert equipo.save() != null
       |      |      |
       |      null   false
       prode.Equipo@2e6ee035 (toString() == null)

junit.framework.AssertionFailedError: Assertion failed: 

assert equipo.save() != null
       |      |      |
       |      null   false
       prode.Equipo@2e6ee035 (toString() == null)

	at prode.EquipoControllerTests.testEdit(EquipoControllerTests.groovy:80)

Testcase: testUpdate took 0,068 sec
	FAILED
Assertion failed: 

assert equipo.save() != null
       |      |      |
       |      null   false
       prode.Equipo@68a48d59 (toString() == null)

junit.framework.AssertionFailedError: Assertion failed: 

assert equipo.save() != null
       |      |      |
       |      null   false
       prode.Equipo@68a48d59 (toString() == null)

	at prode.EquipoControllerTests.testUpdate(EquipoControllerTests.groovy:100)

Testcase: testDelete took 0,047 sec
	FAILED
Assertion failed: 

assert equipo.save() != null
       |      |      |
       |      null   false
       prode.Equipo@6d994bd3 (toString() == null)

junit.framework.AssertionFailedError: Assertion failed: 

assert equipo.save() != null
       |      |      |
       |      null   false
       prode.Equipo@6d994bd3 (toString() == null)

	at prode.EquipoControllerTests.testDelete(EquipoControllerTests.groovy:144)

